<?xml version="1.0" encoding="UTF-8"?>
<!-- Generated by org.testng.reporters.JUnitXMLReporter -->
<testsuite hostname="LKNDSS25J6MQ2" ignored="1" name="Default test" tests="1" failures="0" timestamp="07 Jan 2019 12:38:43 GMT" time="50.269" errors="0">
  <testcase name="validateWelcomePageTitleTest" time="15.737" classname="com.ekalw.qa.base.ScreenRecTest"/>
  <testcase name="validatePageLoadedTest" time="0.0" classname="com.ekalw.qa.base.ScreenRecTest">
    <ignored/>
  </testcase> <!-- validatePageLoadedTest -->
</testsuite> <!-- Default test -->
