<?xml version="1.0" encoding="UTF-8"?>
<!-- Generated by org.testng.reporters.JUnitXMLReporter -->
<testsuite hostname="LKNDSS25J6MQ2" ignored="0" name="Default test" tests="2" failures="0" timestamp="01 Jan 2019 10:32:13 GMT" time="55.396" errors="0">
  <testcase name="validateWelcomePageTitleTest" time="5.015" classname="com.ekalw.qa.testcases.WelcomePageTest"/>
  <testcase name="validateSignInPageTest" time="3.281" classname="com.ekalw.qa.testcases.WelcomePageTest"/>
</testsuite> <!-- Default test -->
