<?xml version="1.0" encoding="UTF-8"?>
<!-- Generated by org.testng.reporters.JUnitXMLReporter -->
<testsuite hostname="LKNDSS25J6MQ2" ignored="0" name="EkalW TestCases" tests="1" failures="1" timestamp="31 Dec 2018 12:20:04 GMT" time="20.814" errors="0">
  <testcase name="takeScreenshotDemo" time="0.009" classname="com.ekalw.qa.base.ScreenshotTest">
    <failure type="java.lang.AssertionError" message="expected [true] but found [false]">
      <![CDATA[java.lang.AssertionError: expected [true] but found [false]
at com.ekalw.qa.base.ScreenshotTest.takeScreenshotDemo(ScreenshotTest.java:24)
... Removed 31 stack frames]]>
    </failure>
  </testcase> <!-- takeScreenshotDemo -->
</testsuite> <!-- EkalW TestCases -->
