<?xml version="1.0" encoding="UTF-8"?>
<testng-results skipped="0" failed="0" ignored="1" total="2" passed="1">
  <reporter-output>
  </reporter-output>
  <suite name="Default suite" duration-ms="50269" started-at="2019-01-07T12:37:53Z" finished-at="2019-01-07T12:38:43Z">
    <groups>
    </groups>
    <test name="Default test" duration-ms="50269" started-at="2019-01-07T12:37:53Z" finished-at="2019-01-07T12:38:43Z">
      <class name="com.ekalw.qa.base.ScreenRecTest">
        <test-method status="PASS" signature="setUp()[pri:0, instance:com.ekalw.qa.base.ScreenRecTest@548e7350]" name="setUp" is-config="true" duration-ms="33723" started-at="2019-01-07T12:37:53Z" finished-at="2019-01-07T12:38:27Z">
          <reporter-output>
          </reporter-output>
        </test-method> <!-- setUp -->
        <test-method status="PASS" signature="validateWelcomePageTitleTest()[pri:1, instance:com.ekalw.qa.base.ScreenRecTest@548e7350]" name="validateWelcomePageTitleTest" duration-ms="15737" started-at="2019-01-07T12:38:27Z" finished-at="2019-01-07T12:38:42Z">
          <reporter-output>
          </reporter-output>
        </test-method> <!-- validateWelcomePageTitleTest -->
        <test-method status="PASS" signature="tearDown()[pri:0, instance:com.ekalw.qa.base.ScreenRecTest@548e7350]" name="tearDown" is-config="true" duration-ms="782" started-at="2019-01-07T12:38:42Z" finished-at="2019-01-07T12:38:43Z">
          <reporter-output>
          </reporter-output>
        </test-method> <!-- tearDown -->
      </class> <!-- com.ekalw.qa.base.ScreenRecTest -->
    </test> <!-- Default test -->
  </suite> <!-- Default suite -->
</testng-results>
