<?xml version="1.0" encoding="UTF-8"?>
<testng-results skipped="0" failed="0" ignored="0" total="2" passed="2">
  <reporter-output>
  </reporter-output>
  <suite name="Default suite" duration-ms="55396" started-at="2019-01-01T10:31:17Z" finished-at="2019-01-01T10:32:13Z">
    <groups>
    </groups>
    <test name="Default test" duration-ms="55396" started-at="2019-01-01T10:31:17Z" finished-at="2019-01-01T10:32:13Z">
      <class name="com.ekalw.qa.testcases.WelcomePageTest">
        <test-method status="PASS" signature="setUp()[pri:0, instance:com.ekalw.qa.testcases.WelcomePageTest@1a968a59]" name="setUp" is-config="true" duration-ms="22204" started-at="2019-01-01T10:31:17Z" finished-at="2019-01-01T10:31:40Z">
          <reporter-output>
          </reporter-output>
        </test-method> <!-- setUp -->
        <test-method status="PASS" signature="validateWelcomePageTitleTest()[pri:1, instance:com.ekalw.qa.testcases.WelcomePageTest@1a968a59]" name="validateWelcomePageTitleTest" duration-ms="5015" started-at="2019-01-01T10:31:40Z" finished-at="2019-01-01T10:31:45Z">
          <reporter-output>
          </reporter-output>
        </test-method> <!-- validateWelcomePageTitleTest -->
        <test-method status="PASS" signature="tearDown()[pri:0, instance:com.ekalw.qa.testcases.WelcomePageTest@1a968a59]" name="tearDown" is-config="true" duration-ms="5742" started-at="2019-01-01T10:31:45Z" finished-at="2019-01-01T10:31:50Z">
          <reporter-output>
          </reporter-output>
        </test-method> <!-- tearDown -->
        <test-method status="PASS" signature="setUp()[pri:0, instance:com.ekalw.qa.testcases.WelcomePageTest@1a968a59]" name="setUp" is-config="true" duration-ms="13403" started-at="2019-01-01T10:31:50Z" finished-at="2019-01-01T10:32:04Z">
          <reporter-output>
          </reporter-output>
        </test-method> <!-- setUp -->
        <test-method status="PASS" signature="validateSignInPageTest()[pri:2, instance:com.ekalw.qa.testcases.WelcomePageTest@1a968a59]" name="validateSignInPageTest" duration-ms="3281" started-at="2019-01-01T10:32:04Z" finished-at="2019-01-01T10:32:07Z">
          <reporter-output>
          </reporter-output>
        </test-method> <!-- validateSignInPageTest -->
        <test-method status="PASS" signature="tearDown()[pri:0, instance:com.ekalw.qa.testcases.WelcomePageTest@1a968a59]" name="tearDown" is-config="true" duration-ms="5727" started-at="2019-01-01T10:32:07Z" finished-at="2019-01-01T10:32:13Z">
          <reporter-output>
          </reporter-output>
        </test-method> <!-- tearDown -->
      </class> <!-- com.ekalw.qa.testcases.WelcomePageTest -->
    </test> <!-- Default test -->
  </suite> <!-- Default suite -->
</testng-results>
