<?xml version="1.0" encoding="UTF-8"?>
<testng-results skipped="0" failed="0" ignored="0" total="1" passed="1">
  <reporter-output>
  </reporter-output>
  <suite name="Default suite" duration-ms="65920" started-at="2019-01-08T12:58:24Z" finished-at="2019-01-08T12:59:30Z">
    <groups>
    </groups>
    <test name="Default test" duration-ms="65920" started-at="2019-01-08T12:58:24Z" finished-at="2019-01-08T12:59:30Z">
      <class name="com.ekalw.qa.demo.DemoWebTable">
        <test-method status="PASS" signature="setUp()[pri:0, instance:com.ekalw.qa.demo.DemoWebTable@343f4d3d]" name="setUp" is-config="true" duration-ms="41378" started-at="2019-01-08T12:58:24Z" finished-at="2019-01-08T12:59:06Z">
          <reporter-output>
          </reporter-output>
        </test-method> <!-- setUp -->
        <test-method status="PASS" signature="test1()[pri:0, instance:com.ekalw.qa.demo.DemoWebTable@343f4d3d]" name="test1" duration-ms="24514" started-at="2019-01-08T12:59:06Z" finished-at="2019-01-08T12:59:30Z">
          <reporter-output>
          </reporter-output>
        </test-method> <!-- test1 -->
        <test-method status="PASS" signature="tearDown()[pri:0, instance:com.ekalw.qa.demo.DemoWebTable@343f4d3d]" name="tearDown" is-config="true" duration-ms="0" started-at="2019-01-08T12:59:30Z" finished-at="2019-01-08T12:59:30Z">
          <reporter-output>
          </reporter-output>
        </test-method> <!-- tearDown -->
      </class> <!-- com.ekalw.qa.demo.DemoWebTable -->
    </test> <!-- Default test -->
  </suite> <!-- Default suite -->
</testng-results>
