<?xml version="1.0" encoding="UTF-8"?>
<!-- Generated by org.testng.reporters.JUnitReportReporter -->
<testsuite skipped="5" hostname="LKNDSS25J6MQ2" name="com.ekalw.qa.testcases.MyRetryTest" tests="7" failures="1" timestamp="04 Jan 2019 10:42:01 GMT" time="77.623" errors="0">
  <testcase name="test2" time="9.863" classname="com.ekalw.qa.testcases.MyRetryTest"/>
  <testcase name="test1" time="9.919" classname="com.ekalw.qa.testcases.MyRetryTest">
    <failure type="java.lang.AssertionError" message="expected [false] but found [true]">
      <![CDATA[java.lang.AssertionError: expected [false] but found [true]
at org.testng.Assert.fail(Assert.java:96)
at org.testng.Assert.failNotEquals(Assert.java:776)
at org.testng.Assert.assertEqualsImpl(Assert.java:137)
at org.testng.Assert.assertEquals(Assert.java:118)
at org.testng.Assert.assertEquals(Assert.java:568)
at org.testng.Assert.assertEquals(Assert.java:578)
at com.ekalw.qa.testcases.MyRetryTest.test1(MyRetryTest.java:35)
at sun.reflect.NativeMethodAccessorImpl.invoke0(Native Method)
at sun.reflect.NativeMethodAccessorImpl.invoke(NativeMethodAccessorImpl.java:62)
at sun.reflect.DelegatingMethodAccessorImpl.invoke(DelegatingMethodAccessorImpl.java:43)
at java.lang.reflect.Method.invoke(Method.java:498)
at org.testng.internal.MethodInvocationHelper.invokeMethod(MethodInvocationHelper.java:124)
at org.testng.internal.Invoker.invokeMethod(Invoker.java:583)
at org.testng.internal.Invoker.retryFailed(Invoker.java:839)
at org.testng.internal.Invoker.invokeTestMethods(Invoker.java:1010)
at org.testng.internal.TestMethodWorker.invokeTestMethods(TestMethodWorker.java:125)
at org.testng.internal.TestMethodWorker.run(TestMethodWorker.java:109)
at org.testng.TestRunner.privateRun(TestRunner.java:648)
at org.testng.TestRunner.run(TestRunner.java:505)
at org.testng.SuiteRunner.runTest(SuiteRunner.java:455)
at org.testng.SuiteRunner.runSequentially(SuiteRunner.java:450)
at org.testng.SuiteRunner.privateRun(SuiteRunner.java:415)
at org.testng.SuiteRunner.run(SuiteRunner.java:364)
at org.testng.SuiteRunnerWorker.runSuite(SuiteRunnerWorker.java:52)
at org.testng.SuiteRunnerWorker.run(SuiteRunnerWorker.java:84)
at org.testng.TestNG.runSuitesSequentially(TestNG.java:1208)
at org.testng.TestNG.runSuitesLocally(TestNG.java:1137)
at org.testng.TestNG.runSuites(TestNG.java:1049)
at org.testng.TestNG.run(TestNG.java:1017)
at org.testng.remote.AbstractRemoteTestNG.run(AbstractRemoteTestNG.java:114)
at org.testng.remote.RemoteTestNG.initAndRun(RemoteTestNG.java:251)
at org.testng.remote.RemoteTestNG.main(RemoteTestNG.java:77)
]]>
    </failure>
  </testcase> <!-- test1 -->
  <testcase name="test1" time="10.066" classname="com.ekalw.qa.testcases.MyRetryTest">
    <skipped/>
  </testcase> <!-- test1 -->
  <testcase name="test1" time="12.756" classname="com.ekalw.qa.testcases.MyRetryTest">
    <skipped/>
  </testcase> <!-- test1 -->
  <testcase name="test1" time="11.667" classname="com.ekalw.qa.testcases.MyRetryTest">
    <skipped/>
  </testcase> <!-- test1 -->
  <testcase name="test1" time="10.621" classname="com.ekalw.qa.testcases.MyRetryTest">
    <skipped/>
  </testcase> <!-- test1 -->
  <testcase name="test1" time="12.731" classname="com.ekalw.qa.testcases.MyRetryTest">
    <skipped/>
  </testcase> <!-- test1 -->
</testsuite> <!-- com.ekalw.qa.testcases.MyRetryTest -->
